::1 - - [01/Nov/2017:02:39:41 +0000] "GET / HTTP/1.1" 200 155
::1 - - [01/Nov/2017:02:39:41 +0000] "GET /public/app.js HTTP/1.1" 404 152
::1 - - [01/Nov/2017:02:39:42 +0000] "GET /favicon.ico HTTP/1.1" 404 150
::1 - - [01/Nov/2017:02:44:20 +0000] "GET /home HTTP/1.1" 404 143
::1 - - [01/Nov/2017:02:44:37 +0000] "GET /user HTTP/1.1" 200 155
::1 - - [01/Nov/2017:02:44:37 +0000] "GET /public/app.js HTTP/1.1" 404 152
::1 - - [01/Nov/2017:02:44:40 +0000] "GET / HTTP/1.1" 304 -
::1 - - [01/Nov/2017:02:44:40 +0000] "GET /public/app.js HTTP/1.1" 404 152
::1 - - [01/Nov/2017:02:45:18 +0000] "GET / HTTP/1.1" 304 -
::1 - - [01/Nov/2017:02:45:18 +0000] "GET /public/app.js HTTP/1.1" 404 152
::1 - - [01/Nov/2017:02:48:14 +0000] "GET / HTTP/1.1" 200 138
::1 - - [01/Nov/2017:02:48:14 +0000] "GET /public/app.js HTTP/1.1" 404 152
::1 - - [01/Nov/2017:02:48:16 +0000] "GET / HTTP/1.1" 304 -
::1 - - [01/Nov/2017:02:48:16 +0000] "GET /public/app.js HTTP/1.1" 404 152
::1 - - [01/Nov/2017:02:48:18 +0000] "GET /user HTTP/1.1" 200 134
::1 - - [01/Nov/2017:02:48:18 +0000] "GET /public/app.js HTTP/1.1" 404 152
::1 - - [01/Nov/2017:02:48:30 +0000] "GET /user HTTP/1.1" 200 138
::1 - - [01/Nov/2017:02:48:30 +0000] "GET /public/app.js HTTP/1.1" 404 152
::1 - - [01/Nov/2017:03:13:49 +0000] "GET / HTTP/1.1" 304 -
::1 - - [01/Nov/2017:03:13:49 +0000] "GET /public/app.js HTTP/1.1" 404 152
::1 - - [01/Nov/2017:03:13:49 +0000] "GET /public/app.js HTTP/1.1" 404 152
::1 - - [01/Nov/2017:03:13:53 +0000] "GET /user HTTP/1.1" 304 -
::1 - - [01/Nov/2017:03:13:53 +0000] "GET /public/app.js HTTP/1.1" 404 152
